#
# There is insufficient memory for the Java Runtime Environment to continue.
# Native memory allocation (malloc) failed to allocate 1100816 bytes. Error detail: Chunk::new
# Possible reasons:
#   The system is out of physical RAM or swap space
#   This process is running with CompressedOops enabled, and the Java Heap may be blocking the growth of the native heap
# Possible solutions:
#   Reduce memory load on the system
#   Increase physical memory or swap space
#   Check if swap backing store is full
#   Decrease Java heap size (-Xmx/-Xms)
#   Decrease number of Java threads
#   Decrease Java thread stack sizes (-Xss)
#   Set larger code cache with -XX:ReservedCodeCacheSize=
#   JVM is running with Unscaled Compressed Oops mode in which the Java heap is
#     placed in the first 4GB address space. The Java Heap base address is the
#     maximum limit for the native heap growth. Please use -XX:HeapBaseMinAddress
#     to set the Java Heap base and to place the Java Heap above 4GB virtual address.
# This output file may be truncated or incomplete.
#
#  Out of Memory Error (arena.cpp:191), pid=18952, tid=25884
#
# JRE version: OpenJDK Runtime Environment Temurin-17.0.13+11 (17.0.13+11) (build 17.0.13+11)
# Java VM: OpenJDK 64-Bit Server VM Temurin-17.0.13+11 (17.0.13+11, mixed mode, tiered, compressed oops, compressed class ptrs, parallel gc, windows-amd64)
# No core dump will be written. Minidumps are not enabled by default on client versions of Windows
#

---------------  S U M M A R Y ------------

Command Line: --add-modules=ALL-SYSTEM --add-opens=java.base/java.util=ALL-UNNAMED --add-opens=java.base/java.lang=ALL-UNNAMED --add-opens=java.base/sun.nio.fs=ALL-UNNAMED -Declipse.application=org.eclipse.jdt.ls.core.id1 -Dosgi.bundles.defaultStartLevel=4 -Declipse.product=org.eclipse.jdt.ls.core.product -Djava.import.generatesMetadataFilesAtProjectRoot=false -DDetectVMInstallationsJob.disabled=true -Dfile.encoding=utf8 -XX:+UseParallelGC -XX:GCTimeRatio=4 -XX:AdaptiveSizePolicyWeight=90 -Dsun.zip.disableMemoryMapping=true -Xmx1G -Xms100m -Xlog:disable -javaagent:c:\Users\Faris\.vscode\extensions\redhat.java-1.36.0-win32-x64\lombok\lombok-1.18.35.jar -XX:+HeapDumpOnOutOfMemoryError -XX:HeapDumpPath=c:\Users\Faris\AppData\Roaming\Code\User\workspaceStorage\3669c1608ef556df425145a2674ca6fe\redhat.java -Daether.dependencyCollector.impl=bf c:\Users\Faris\.vscode\extensions\redhat.java-1.36.0-win32-x64\server\plugins\org.eclipse.equinox.launcher_1.6.900.v20240613-2009.jar -configuration c:\Users\Faris\AppData\Roaming\Code\User\globalStorage\redhat.java\1.36.0\config_win -data c:\Users\Faris\AppData\Roaming\Code\User\workspaceStorage\3669c1608ef556df425145a2674ca6fe\redhat.java\jdt_ws --pipe=\\.\pipe\lsp-f1768726d80b9166f74f98326ef74e9d-sock

Host: 11th Gen Intel(R) Core(TM) i3-1115G4 @ 3.00GHz, 4 cores, 7G,  Windows 11 , 64 bit Build 22621 (10.0.22621.4391)
Time: Fri Nov 22 11:53:36 2024 Malay Peninsula Standard Time elapsed time: 586.828311 seconds (0d 0h 9m 46s)

---------------  T H R E A D  ---------------

Current thread (0x0000013eb6360440):  JavaThread "C2 CompilerThread1" daemon [_thread_in_native, id=25884, stack(0x00000034b8100000,0x00000034b8200000)]


Current CompileTask:
C2: 586828 18887       4       org.eclipse.jdt.internal.compiler.lookup.LookupEnvironment::getTypeFromTypeSignature (770 bytes)

Stack: [0x00000034b8100000,0x00000034b8200000]
Native frames: (J=compiled Java code, j=interpreted, Vv=VM code, C=native code)
V  [jvm.dll+0x682a19]
V  [jvm.dll+0x839538]
V  [jvm.dll+0x83afe3]
V  [jvm.dll+0x83b653]
V  [jvm.dll+0x24704f]
V  [jvm.dll+0xace34]
V  [jvm.dll+0xad4cc]
V  [jvm.dll+0x2ac84f]
V  [jvm.dll+0x588a79]
V  [jvm.dll+0x220ea2]
V  [jvm.dll+0x22129f]
V  [jvm.dll+0x21a2b0]
V  [jvm.dll+0x21738b]
V  [jvm.dll+0x1a3070]
V  [jvm.dll+0x22788c]
V  [jvm.dll+0x2259eb]
V  [jvm.dll+0x7eec98]
V  [jvm.dll+0x7e8ffc]
V  [jvm.dll+0x6818f7]
C  [ucrtbase.dll+0x29333]
C  [KERNEL32.DLL+0x1259d]
C  [ntdll.dll+0x5af38]


---------------  P R O C E S S  ---------------

Threads class SMR info:
_java_thread_list=0x0000013ebcff4840, length=38, elements={
0x0000013e9553cd90, 0x0000013e955e6d80, 0x0000013e955e8860, 0x0000013ea93c5020,
0x0000013ea93c58f0, 0x0000013ea9380b30, 0x0000013ea9381600, 0x0000013ea93ad290,
0x0000013e955ee700, 0x0000013eae5980d0, 0x0000013eae5f2410, 0x0000013eae8686b0,
0x0000013eaf079150, 0x0000013eaf3ac190, 0x0000013eae648c50, 0x0000013eae64b950,
0x0000013eaed878f0, 0x0000013eaeaa8e00, 0x0000013eaeaa9d30, 0x0000013eaeaa9820,
0x0000013eaeaa6a90, 0x0000013eaeaa9310, 0x0000013eb1d6fb40, 0x0000013eb1d75150,
0x0000013eb1d74c40, 0x0000013eb1d70050, 0x0000013eb1d70560, 0x0000013eb1d70f80,
0x0000013eb1d728d0, 0x0000013eb1d73d10, 0x0000013eb1d75660, 0x0000013eb293e290,
0x0000013eb293bf20, 0x0000013eb293d870, 0x0000013eb293aae0, 0x0000013eb293c430,
0x0000013eb1d719a0, 0x0000013eb6360440
}

Java Threads: ( => current thread )
  0x0000013e9553cd90 JavaThread "main" [_thread_blocked, id=8992, stack(0x00000034b8300000,0x00000034b8400000)]
  0x0000013e955e6d80 JavaThread "Reference Handler" daemon [_thread_blocked, id=26012, stack(0x00000034b8600000,0x00000034b8700000)]
  0x0000013e955e8860 JavaThread "Finalizer" daemon [_thread_blocked, id=17156, stack(0x00000034b8700000,0x00000034b8800000)]
  0x0000013ea93c5020 JavaThread "Signal Dispatcher" daemon [_thread_blocked, id=18648, stack(0x00000034b8800000,0x00000034b8900000)]
  0x0000013ea93c58f0 JavaThread "Attach Listener" daemon [_thread_blocked, id=24424, stack(0x00000034b8900000,0x00000034b8a00000)]
  0x0000013ea9380b30 JavaThread "Service Thread" daemon [_thread_blocked, id=27984, stack(0x00000034b8a00000,0x00000034b8b00000)]
  0x0000013ea9381600 JavaThread "Monitor Deflation Thread" daemon [_thread_blocked, id=4052, stack(0x00000034b8b00000,0x00000034b8c00000)]
  0x0000013ea93ad290 JavaThread "C2 CompilerThread0" daemon [_thread_in_native, id=11548, stack(0x00000034b8c00000,0x00000034b8d00000)]
  0x0000013e955ee700 JavaThread "C1 CompilerThread0" daemon [_thread_blocked, id=23332, stack(0x00000034b8d00000,0x00000034b8e00000)]
  0x0000013eae5980d0 JavaThread "Sweeper thread" daemon [_thread_blocked, id=18840, stack(0x00000034b8e00000,0x00000034b8f00000)]
  0x0000013eae5f2410 JavaThread "Common-Cleaner" daemon [_thread_blocked, id=18376, stack(0x00000034b8f00000,0x00000034b9000000)]
  0x0000013eae8686b0 JavaThread "Notification Thread" daemon [_thread_blocked, id=15316, stack(0x00000034b9000000,0x00000034b9100000)]
  0x0000013eaf079150 JavaThread "Active Thread: Equinox Container: 98ba6685-5276-476b-b3d9-ebe1b072a5f1" [_thread_blocked, id=16488, stack(0x00000034b9600000,0x00000034b9700000)]
  0x0000013eaf3ac190 JavaThread "Refresh Thread: Equinox Container: 98ba6685-5276-476b-b3d9-ebe1b072a5f1" daemon [_thread_blocked, id=16196, stack(0x00000034b9500000,0x00000034b9600000)]
  0x0000013eae648c50 JavaThread "Framework Event Dispatcher: Equinox Container: 98ba6685-5276-476b-b3d9-ebe1b072a5f1" daemon [_thread_blocked, id=16800, stack(0x00000034b9700000,0x00000034b9800000)]
  0x0000013eae64b950 JavaThread "Start Level: Equinox Container: 98ba6685-5276-476b-b3d9-ebe1b072a5f1" daemon [_thread_blocked, id=9780, stack(0x00000034b9800000,0x00000034b9900000)]
  0x0000013eaed878f0 JavaThread "Bundle File Closer" daemon [_thread_blocked, id=20648, stack(0x00000034b9900000,0x00000034b9a00000)]
  0x0000013eaeaa8e00 JavaThread "SCR Component Actor" daemon [_thread_blocked, id=24188, stack(0x00000034b9a00000,0x00000034b9b00000)]
  0x0000013eaeaa9d30 JavaThread "Worker-JM" [_thread_blocked, id=24536, stack(0x00000034b9c00000,0x00000034b9d00000)]
  0x0000013eaeaa9820 JavaThread "JNA Cleaner" daemon [_thread_blocked, id=5472, stack(0x00000034b9d00000,0x00000034b9e00000)]
  0x0000013eaeaa6a90 JavaThread "Java indexing" daemon [_thread_blocked, id=26292, stack(0x00000034ba000000,0x00000034ba100000)]
  0x0000013eaeaa9310 JavaThread "Thread-2" daemon [_thread_in_native, id=22004, stack(0x00000034ba600000,0x00000034ba700000)]
  0x0000013eb1d6fb40 JavaThread "Thread-3" daemon [_thread_in_native, id=3028, stack(0x00000034ba700000,0x00000034ba800000)]
  0x0000013eb1d75150 JavaThread "Thread-4" daemon [_thread_in_native, id=22516, stack(0x00000034ba800000,0x00000034ba900000)]
  0x0000013eb1d74c40 JavaThread "Thread-5" daemon [_thread_in_native, id=19560, stack(0x00000034ba900000,0x00000034baa00000)]
  0x0000013eb1d70050 JavaThread "Thread-6" daemon [_thread_in_native, id=14252, stack(0x00000034baa00000,0x00000034bab00000)]
  0x0000013eb1d70560 JavaThread "pool-2-thread-1" [_thread_blocked, id=13396, stack(0x00000034bab00000,0x00000034bac00000)]
  0x0000013eb1d70f80 JavaThread "WorkspaceEventsHandler" [_thread_blocked, id=1440, stack(0x00000034bac00000,0x00000034bad00000)]
  0x0000013eb1d728d0 JavaThread "pool-1-thread-1" [_thread_blocked, id=18732, stack(0x00000034bad00000,0x00000034bae00000)]
  0x0000013eb1d73d10 JavaThread "Worker-5" [_thread_blocked, id=22616, stack(0x00000034bae00000,0x00000034baf00000)]
  0x0000013eb1d75660 JavaThread "Worker-7" [_thread_blocked, id=10396, stack(0x00000034bb000000,0x00000034bb100000)]
  0x0000013eb293e290 JavaThread "Cleaner-0" daemon [_thread_blocked, id=1424, stack(0x00000034b8200000,0x00000034b8300000)]
  0x0000013eb293bf20 JavaThread "ForkJoinPool.commonPool-worker-4" daemon [_thread_blocked, id=16308, stack(0x00000034b9b00000,0x00000034b9c00000)]
  0x0000013eb293d870 JavaThread "ForkJoinPool.commonPool-worker-5" daemon [_thread_blocked, id=7952, stack(0x00000034b9e00000,0x00000034b9f00000)]
  0x0000013eb293aae0 JavaThread "ForkJoinPool.commonPool-worker-6" daemon [_thread_blocked, id=24420, stack(0x00000034b9f00000,0x00000034ba000000)]
  0x0000013eb293c430 JavaThread "Compiler Source File Reader" daemon [_thread_blocked, id=19640, stack(0x00000034ba100000,0x00000034ba200000)]
  0x0000013eb1d719a0 JavaThread "Compiler Source File Reader" daemon [_thread_blocked, id=22628, stack(0x00000034ba400000,0x00000034ba500000)]
=>0x0000013eb6360440 JavaThread "C2 CompilerThread1" daemon [_thread_in_native, id=25884, stack(0x00000034b8100000,0x00000034b8200000)]

Other Threads:
  0x0000013e955e6ad0 VMThread "VM Thread" [stack: 0x00000034b8500000,0x00000034b8600000] [id=1044]
  0x0000013eae8d2a60 WatcherThread [stack: 0x00000034b9100000,0x00000034b9200000] [id=15120]
  0x0000013e95553a40 GCTaskThread "GC Thread#0" [stack: 0x00000034b8400000,0x00000034b8500000] [id=24432]
  0x0000013eaee055c0 GCTaskThread "GC Thread#1" [stack: 0x00000034b9200000,0x00000034b9300000] [id=15968]
  0x0000013eaee05c90 GCTaskThread "GC Thread#2" [stack: 0x00000034b9300000,0x00000034b9400000] [id=7172]
  0x0000013eaee05f50 GCTaskThread "GC Thread#3" [stack: 0x00000034b9400000,0x00000034b9500000] [id=22976]

Threads with active compile tasks:
C2 CompilerThread0   586871 18859       4       org.eclipse.jdt.internal.compiler.lookup.LookupEnvironment::computePackageFrom (584 bytes)
C2 CompilerThread1   586871 18887       4       org.eclipse.jdt.internal.compiler.lookup.LookupEnvironment::getTypeFromTypeSignature (770 bytes)

VM state: not at safepoint (normal execution)

VM Mutex/Monitor currently owned by a thread: None

Heap address: 0x00000000c0000000, size: 1024 MB, Compressed Oops mode: 32-bit

CDS archive(s) not mapped
Compressed class space mapped at: 0x0000000100000000-0x0000000140000000, reserved size: 1073741824
Narrow klass base: 0x0000000000000000, Narrow klass shift: 3, Narrow klass range: 0x140000000

GC Precious Log:
 CPUs: 4 total, 4 available
 Memory: 7991M
 Large Page Support: Disabled
 NUMA Support: Disabled
 Compressed Oops: Enabled (32-bit)
 Alignments: Space 512K, Generation 512K, Heap 2M
 Heap Min Capacity: 100M
 Heap Initial Capacity: 100M
 Heap Max Capacity: 1G
 Pre-touch: Disabled
 Parallel Workers: 4

Heap:
 PSYoungGen      total 9216K, used 3594K [0x00000000eab00000, 0x00000000eb700000, 0x0000000100000000)
  eden space 6144K, 17% used [0x00000000eab00000,0x00000000eac13590,0x00000000eb100000)
  from space 3072K, 81% used [0x00000000eb100000,0x00000000eb36f440,0x00000000eb400000)
  to   space 3072K, 0% used [0x00000000eb400000,0x00000000eb400000,0x00000000eb700000)
 ParOldGen       total 274944K, used 232760K [0x00000000c0000000, 0x00000000d0c80000, 0x00000000eab00000)
  object space 274944K, 84% used [0x00000000c0000000,0x00000000ce34e2d0,0x00000000d0c80000)
 Metaspace       used 89070K, committed 90496K, reserved 1179648K
  class space    used 9160K, committed 9792K, reserved 1048576K

Card table byte_map: [0x0000013e94f00000,0x0000013e95110000] _byte_map_base: 0x0000013e94900000

Marking Bits: (ParMarkBitMap*) 0x00007ff935466940
 Begin Bits: [0x0000013ea71d0000, 0x0000013ea81d0000)
 End Bits:   [0x0000013ea81d0000, 0x0000013ea91d0000)

Polling page: 0x0000013e94cf0000

Metaspace:

Usage:
  Non-class:     78.04 MB used.
      Class:      8.95 MB used.
       Both:     86.98 MB used.

Virtual space:
  Non-class space:      128.00 MB reserved,      78.81 MB ( 62%) committed,  2 nodes.
      Class space:        1.00 GB reserved,       9.56 MB ( <1%) committed,  1 nodes.
             Both:        1.12 GB reserved,      88.38 MB (  8%) committed. 

Chunk freelists:
   Non-Class:  960.00 KB
       Class:  6.46 MB
        Both:  7.40 MB

MaxMetaspaceSize: unlimited
CompressedClassSpaceSize: 1.00 GB
Initial GC threshold: 21.00 MB
Current GC threshold: 144.50 MB
CDS: off
MetaspaceReclaimPolicy: balanced
 - commit_granule_bytes: 65536.
 - commit_granule_words: 8192.
 - virtual_space_node_default_size: 8388608.
 - enlarge_chunks_in_place: 1.
 - new_chunks_are_fully_committed: 0.
 - uncommit_free_chunks: 1.
 - use_allocation_guard: 0.
 - handle_deallocations: 1.


Internal statistics:

num_allocs_failed_limit: 9.
num_arena_births: 1086.
num_arena_deaths: 18.
num_vsnodes_births: 3.
num_vsnodes_deaths: 0.
num_space_committed: 1414.
num_space_uncommitted: 0.
num_chunks_returned_to_freelist: 29.
num_chunks_taken_from_freelist: 4899.
num_chunk_merges: 14.
num_chunk_splits: 2934.
num_chunks_enlarged: 1571.
num_inconsistent_stats: 0.

CodeHeap 'non-profiled nmethods': size=120000Kb used=12667Kb max_used=12667Kb free=107332Kb
 bounds [0x0000013e9fca0000, 0x0000013ea0900000, 0x0000013ea71d0000]
CodeHeap 'profiled nmethods': size=120000Kb used=28273Kb max_used=29607Kb free=91726Kb
 bounds [0x0000013e981d0000, 0x0000013e99ed0000, 0x0000013e9f700000]
CodeHeap 'non-nmethods': size=5760Kb used=1452Kb max_used=1525Kb free=4307Kb
 bounds [0x0000013e9f700000, 0x0000013e9f970000, 0x0000013e9fca0000]
 total_blobs=14963 nmethods=14163 adapters=710
 compilation: enabled
              stopped_count=0, restarted_count=0
 full_count=0

Compilation events (20 events):
Event: 584.837 Thread 0x0000013e955ee700 nmethod 18906 0x0000013e99104b90 code [0x0000013e99104de0, 0x0000013e99105d08]
Event: 584.844 Thread 0x0000013e955ee700 18907       3       org.eclipse.jdt.internal.core.util.PublicScanner::translateTokenToTerminalSymbol (1967 bytes)
Event: 584.846 Thread 0x0000013e955ee700 nmethod 18907 0x0000013e98c29710 code [0x0000013e98c29ae0, 0x0000013e98c2c2d8]
Event: 585.013 Thread 0x0000013e955ee700 18908       3       com.google.gson.internal.$Gson$Types::requiresOwnerType (37 bytes)
Event: 585.014 Thread 0x0000013e955ee700 nmethod 18908 0x0000013e990dc290 code [0x0000013e990dc460, 0x0000013e990dc928]
Event: 585.014 Thread 0x0000013e955ee700 18909       3       java.util.AbstractList$RandomAccessSpliterator::tryAdvance (63 bytes)
Event: 585.015 Thread 0x0000013e955ee700 nmethod 18909 0x0000013e993a6410 code [0x0000013e993a6640, 0x0000013e993a6d58]
Event: 585.017 Thread 0x0000013e955ee700 18910       3       com.google.gson.internal.bind.MapTypeAdapterFactory$Adapter::write (10 bytes)
Event: 585.018 Thread 0x0000013e955ee700 nmethod 18910 0x0000013e98fa8690 code [0x0000013e98fa8840, 0x0000013e98fa8a88]
Event: 585.513 Thread 0x0000013e955ee700 18911       2       org.eclipse.jdt.internal.compiler.parser.Parser::consumeToken (2294 bytes)
Event: 585.968 Thread 0x0000013e955ee700 nmethod 18911 0x0000013e991ace90 code [0x0000013e991ad960, 0x0000013e991b0778]
Event: 585.969 Thread 0x0000013e955ee700 18912       3       org.eclipse.jdt.internal.codeassist.impl.AssistParser::consumeToken (336 bytes)
Event: 585.969 Thread 0x0000013eb6360440 18864 %     4       org.eclipse.jdt.core.compiler.CharOperation::indexOf @ 200 (270 bytes)
Event: 586.030 Thread 0x0000013e955ee700 nmethod 18912 0x0000013e99115410 code [0x0000013e99115720, 0x0000013e99116f38]
Event: 586.045 Thread 0x0000013eb6360440 nmethod 18864% 0x0000013ea08f2710 code [0x0000013ea08f2900, 0x0000013ea08f3318]
Event: 586.045 Thread 0x0000013eb6360440 18889 %     4       org.eclipse.jdt.internal.compiler.lookup.BinaryTypeBinding::createMethod @ 222 (1724 bytes)
Event: 586.216 Thread 0x0000013eb6360440 nmethod 18889% 0x0000013ea08f3a10 code [0x0000013ea08f3e20, 0x0000013ea08f75f8]
Event: 586.216 Thread 0x0000013eb6360440 18863       4       org.eclipse.jdt.internal.compiler.lookup.LookupEnvironment::getTypeFromSignature (376 bytes)
Event: 586.291 Thread 0x0000013eb6360440 nmethod 18863 0x0000013ea08fa490 code [0x0000013ea08fa800, 0x0000013ea08fd070]
Event: 586.291 Thread 0x0000013eb6360440 18887       4       org.eclipse.jdt.internal.compiler.lookup.LookupEnvironment::getTypeFromTypeSignature (770 bytes)

GC Heap History (20 events):
Event: 537.173 GC heap before
{Heap before GC invocations=511 (full 18):
 PSYoungGen      total 8192K, used 8189K [0x00000000eab00000, 0x00000000eb680000, 0x0000000100000000)
  eden space 6656K, 100% used [0x00000000eab00000,0x00000000eb180000,0x00000000eb180000)
  from space 1536K, 99% used [0x00000000eb280000,0x00000000eb3ff460,0x00000000eb400000)
  to   space 2560K, 0% used [0x00000000eb400000,0x00000000eb400000,0x00000000eb680000)
 ParOldGen       total 274944K, used 228163K [0x00000000c0000000, 0x00000000d0c80000, 0x00000000eab00000)
  object space 274944K, 82% used [0x00000000c0000000,0x00000000cded0dc0,0x00000000d0c80000)
 Metaspace       used 88990K, committed 90432K, reserved 1179648K
  class space    used 9156K, committed 9792K, reserved 1048576K
}
Event: 537.178 GC heap after
{Heap after GC invocations=511 (full 18):
 PSYoungGen      total 8704K, used 2465K [0x00000000eab00000, 0x00000000eb780000, 0x0000000100000000)
  eden space 6144K, 0% used [0x00000000eab00000,0x00000000eab00000,0x00000000eb100000)
  from space 2560K, 96% used [0x00000000eb400000,0x00000000eb6686a8,0x00000000eb680000)
  to   space 3072K, 0% used [0x00000000eb100000,0x00000000eb100000,0x00000000eb400000)
 ParOldGen       total 274944K, used 228267K [0x00000000c0000000, 0x00000000d0c80000, 0x00000000eab00000)
  object space 274944K, 83% used [0x00000000c0000000,0x00000000cdeeade0,0x00000000d0c80000)
 Metaspace       used 88990K, committed 90432K, reserved 1179648K
  class space    used 9156K, committed 9792K, reserved 1048576K
}
Event: 537.199 GC heap before
{Heap before GC invocations=512 (full 18):
 PSYoungGen      total 8704K, used 8609K [0x00000000eab00000, 0x00000000eb780000, 0x0000000100000000)
  eden space 6144K, 100% used [0x00000000eab00000,0x00000000eb100000,0x00000000eb100000)
  from space 2560K, 96% used [0x00000000eb400000,0x00000000eb6686a8,0x00000000eb680000)
  to   space 3072K, 0% used [0x00000000eb100000,0x00000000eb100000,0x00000000eb400000)
 ParOldGen       total 274944K, used 228267K [0x00000000c0000000, 0x00000000d0c80000, 0x00000000eab00000)
  object space 274944K, 83% used [0x00000000c0000000,0x00000000cdeeade0,0x00000000d0c80000)
 Metaspace       used 88990K, committed 90432K, reserved 1179648K
  class space    used 9156K, committed 9792K, reserved 1048576K
}
Event: 537.208 GC heap after
{Heap after GC invocations=512 (full 18):
 PSYoungGen      total 9216K, used 3069K [0x00000000eab00000, 0x00000000eba00000, 0x0000000100000000)
  eden space 6144K, 0% used [0x00000000eab00000,0x00000000eab00000,0x00000000eb100000)
  from space 3072K, 99% used [0x00000000eb100000,0x00000000eb3ff440,0x00000000eb400000)
  to   space 4608K, 0% used [0x00000000eb580000,0x00000000eb580000,0x00000000eba00000)
 ParOldGen       total 274944K, used 229238K [0x00000000c0000000, 0x00000000d0c80000, 0x00000000eab00000)
  object space 274944K, 83% used [0x00000000c0000000,0x00000000cdfddbe0,0x00000000d0c80000)
 Metaspace       used 88990K, committed 90432K, reserved 1179648K
  class space    used 9156K, committed 9792K, reserved 1048576K
}
Event: 544.808 GC heap before
{Heap before GC invocations=513 (full 18):
 PSYoungGen      total 9216K, used 9213K [0x00000000eab00000, 0x00000000eba00000, 0x0000000100000000)
  eden space 6144K, 100% used [0x00000000eab00000,0x00000000eb100000,0x00000000eb100000)
  from space 3072K, 99% used [0x00000000eb100000,0x00000000eb3ff440,0x00000000eb400000)
  to   space 4608K, 0% used [0x00000000eb580000,0x00000000eb580000,0x00000000eba00000)
 ParOldGen       total 274944K, used 229238K [0x00000000c0000000, 0x00000000d0c80000, 0x00000000eab00000)
  object space 274944K, 83% used [0x00000000c0000000,0x00000000cdfddbe0,0x00000000d0c80000)
 Metaspace       used 88993K, committed 90432K, reserved 1179648K
  class space    used 9156K, committed 9792K, reserved 1048576K
}
Event: 544.811 GC heap after
{Heap after GC invocations=513 (full 18):
 PSYoungGen      total 8192K, used 1847K [0x00000000eab00000, 0x00000000eb780000, 0x0000000100000000)
  eden space 6144K, 0% used [0x00000000eab00000,0x00000000eab00000,0x00000000eb100000)
  from space 2048K, 90% used [0x00000000eb580000,0x00000000eb74dd60,0x00000000eb780000)
  to   space 3072K, 0% used [0x00000000eb180000,0x00000000eb180000,0x00000000eb480000)
 ParOldGen       total 274944K, used 229494K [0x00000000c0000000, 0x00000000d0c80000, 0x00000000eab00000)
  object space 274944K, 83% used [0x00000000c0000000,0x00000000ce01dbe0,0x00000000d0c80000)
 Metaspace       used 88993K, committed 90432K, reserved 1179648K
  class space    used 9156K, committed 9792K, reserved 1048576K
}
Event: 544.833 GC heap before
{Heap before GC invocations=514 (full 18):
 PSYoungGen      total 8192K, used 7991K [0x00000000eab00000, 0x00000000eb780000, 0x0000000100000000)
  eden space 6144K, 100% used [0x00000000eab00000,0x00000000eb100000,0x00000000eb100000)
  from space 2048K, 90% used [0x00000000eb580000,0x00000000eb74dd60,0x00000000eb780000)
  to   space 3072K, 0% used [0x00000000eb180000,0x00000000eb180000,0x00000000eb480000)
 ParOldGen       total 274944K, used 229494K [0x00000000c0000000, 0x00000000d0c80000, 0x00000000eab00000)
  object space 274944K, 83% used [0x00000000c0000000,0x00000000ce01dbe0,0x00000000d0c80000)
 Metaspace       used 88995K, committed 90432K, reserved 1179648K
  class space    used 9156K, committed 9792K, reserved 1048576K
}
Event: 544.835 GC heap after
{Heap after GC invocations=514 (full 18):
 PSYoungGen      total 9216K, used 1085K [0x00000000eab00000, 0x00000000eb600000, 0x0000000100000000)
  eden space 6144K, 0% used [0x00000000eab00000,0x00000000eab00000,0x00000000eb100000)
  from space 3072K, 35% used [0x00000000eb180000,0x00000000eb28f440,0x00000000eb480000)
  to   space 1536K, 0% used [0x00000000eb480000,0x00000000eb480000,0x00000000eb600000)
 ParOldGen       total 274944K, used 229722K [0x00000000c0000000, 0x00000000d0c80000, 0x00000000eab00000)
  object space 274944K, 83% used [0x00000000c0000000,0x00000000ce056bb0,0x00000000d0c80000)
 Metaspace       used 88995K, committed 90432K, reserved 1179648K
  class space    used 9156K, committed 9792K, reserved 1048576K
}
Event: 545.529 GC heap before
{Heap before GC invocations=515 (full 18):
 PSYoungGen      total 9216K, used 7229K [0x00000000eab00000, 0x00000000eb600000, 0x0000000100000000)
  eden space 6144K, 100% used [0x00000000eab00000,0x00000000eb100000,0x00000000eb100000)
  from space 3072K, 35% used [0x00000000eb180000,0x00000000eb28f440,0x00000000eb480000)
  to   space 1536K, 0% used [0x00000000eb480000,0x00000000eb480000,0x00000000eb600000)
 ParOldGen       total 274944K, used 229722K [0x00000000c0000000, 0x00000000d0c80000, 0x00000000eab00000)
  object space 274944K, 83% used [0x00000000c0000000,0x00000000ce056bb0,0x00000000d0c80000)
 Metaspace       used 88997K, committed 90432K, reserved 1179648K
  class space    used 9156K, committed 9792K, reserved 1048576K
}
Event: 545.531 GC heap after
{Heap after GC invocations=515 (full 18):
 PSYoungGen      total 6656K, used 314K [0x00000000eab00000, 0x00000000eb500000, 0x0000000100000000)
  eden space 6144K, 0% used [0x00000000eab00000,0x00000000eab00000,0x00000000eb100000)
  from space 512K, 61% used [0x00000000eb480000,0x00000000eb4ce920,0x00000000eb500000)
  to   space 1024K, 0% used [0x00000000eb300000,0x00000000eb300000,0x00000000eb400000)
 ParOldGen       total 274944K, used 229954K [0x00000000c0000000, 0x00000000d0c80000, 0x00000000eab00000)
  object space 274944K, 83% used [0x00000000c0000000,0x00000000ce090bb0,0x00000000d0c80000)
 Metaspace       used 88997K, committed 90432K, reserved 1179648K
  class space    used 9156K, committed 9792K, reserved 1048576K
}
Event: 584.032 GC heap before
{Heap before GC invocations=516 (full 18):
 PSYoungGen      total 6656K, used 6458K [0x00000000eab00000, 0x00000000eb500000, 0x0000000100000000)
  eden space 6144K, 99% used [0x00000000eab00000,0x00000000eb0ffff0,0x00000000eb100000)
  from space 512K, 61% used [0x00000000eb480000,0x00000000eb4ce920,0x00000000eb500000)
  to   space 1024K, 0% used [0x00000000eb300000,0x00000000eb300000,0x00000000eb400000)
 ParOldGen       total 274944K, used 229954K [0x00000000c0000000, 0x00000000d0c80000, 0x00000000eab00000)
  object space 274944K, 83% used [0x00000000c0000000,0x00000000ce090bb0,0x00000000d0c80000)
 Metaspace       used 89004K, committed 90432K, reserved 1179648K
  class space    used 9156K, committed 9792K, reserved 1048576K
}
Event: 584.062 GC heap after
{Heap after GC invocations=516 (full 18):
 PSYoungGen      total 7168K, used 112K [0x00000000eab00000, 0x00000000eb500000, 0x0000000100000000)
  eden space 6144K, 0% used [0x00000000eab00000,0x00000000eab00000,0x00000000eb100000)
  from space 1024K, 10% used [0x00000000eb300000,0x00000000eb31c010,0x00000000eb400000)
  to   space 512K, 0% used [0x00000000eb480000,0x00000000eb480000,0x00000000eb500000)
 ParOldGen       total 274944K, used 229978K [0x00000000c0000000, 0x00000000d0c80000, 0x00000000eab00000)
  object space 274944K, 83% used [0x00000000c0000000,0x00000000ce096bb0,0x00000000d0c80000)
 Metaspace       used 89004K, committed 90432K, reserved 1179648K
  class space    used 9156K, committed 9792K, reserved 1048576K
}
Event: 584.643 GC heap before
{Heap before GC invocations=517 (full 18):
 PSYoungGen      total 7168K, used 6256K [0x00000000eab00000, 0x00000000eb500000, 0x0000000100000000)
  eden space 6144K, 100% used [0x00000000eab00000,0x00000000eb100000,0x00000000eb100000)
  from space 1024K, 10% used [0x00000000eb300000,0x00000000eb31c010,0x00000000eb400000)
  to   space 512K, 0% used [0x00000000eb480000,0x00000000eb480000,0x00000000eb500000)
 ParOldGen       total 274944K, used 229978K [0x00000000c0000000, 0x00000000d0c80000, 0x00000000eab00000)
  object space 274944K, 83% used [0x00000000c0000000,0x00000000ce096bb0,0x00000000d0c80000)
 Metaspace       used 89045K, committed 90496K, reserved 1179648K
  class space    used 9160K, committed 9792K, reserved 1048576K
}
Event: 584.648 GC heap after
{Heap after GC invocations=517 (full 18):
 PSYoungGen      total 6656K, used 500K [0x00000000eab00000, 0x00000000eb500000, 0x0000000100000000)
  eden space 6144K, 0% used [0x00000000eab00000,0x00000000eab00000,0x00000000eb100000)
  from space 512K, 97% used [0x00000000eb480000,0x00000000eb4fd220,0x00000000eb500000)
  to   space 1536K, 0% used [0x00000000eb200000,0x00000000eb200000,0x00000000eb380000)
 ParOldGen       total 274944K, used 230426K [0x00000000c0000000, 0x00000000d0c80000, 0x00000000eab00000)
  object space 274944K, 83% used [0x00000000c0000000,0x00000000ce106bf0,0x00000000d0c80000)
 Metaspace       used 89045K, committed 90496K, reserved 1179648K
  class space    used 9160K, committed 9792K, reserved 1048576K
}
Event: 584.698 GC heap before
{Heap before GC invocations=518 (full 18):
 PSYoungGen      total 6656K, used 6644K [0x00000000eab00000, 0x00000000eb500000, 0x0000000100000000)
  eden space 6144K, 99% used [0x00000000eab00000,0x00000000eb0fffb8,0x00000000eb100000)
  from space 512K, 97% used [0x00000000eb480000,0x00000000eb4fd220,0x00000000eb500000)
  to   space 1536K, 0% used [0x00000000eb200000,0x00000000eb200000,0x00000000eb380000)
 ParOldGen       total 274944K, used 230426K [0x00000000c0000000, 0x00000000d0c80000, 0x00000000eab00000)
  object space 274944K, 83% used [0x00000000c0000000,0x00000000ce106bf0,0x00000000d0c80000)
 Metaspace       used 89062K, committed 90496K, reserved 1179648K
  class space    used 9160K, committed 9792K, reserved 1048576K
}
Event: 584.703 GC heap after
{Heap after GC invocations=518 (full 18):
 PSYoungGen      total 7680K, used 560K [0x00000000eab00000, 0x00000000eb500000, 0x0000000100000000)
  eden space 6144K, 0% used [0x00000000eab00000,0x00000000eab00000,0x00000000eb100000)
  from space 1536K, 36% used [0x00000000eb200000,0x00000000eb28c010,0x00000000eb380000)
  to   space 1024K, 0% used [0x00000000eb400000,0x00000000eb400000,0x00000000eb500000)
 ParOldGen       total 274944K, used 230884K [0x00000000c0000000, 0x00000000d0c80000, 0x00000000eab00000)
  object space 274944K, 83% used [0x00000000c0000000,0x00000000ce1790b0,0x00000000d0c80000)
 Metaspace       used 89062K, committed 90496K, reserved 1179648K
  class space    used 9160K, committed 9792K, reserved 1048576K
}
Event: 586.353 GC heap before
{Heap before GC invocations=519 (full 18):
 PSYoungGen      total 7680K, used 6704K [0x00000000eab00000, 0x00000000eb500000, 0x0000000100000000)
  eden space 6144K, 100% used [0x00000000eab00000,0x00000000eb100000,0x00000000eb100000)
  from space 1536K, 36% used [0x00000000eb200000,0x00000000eb28c010,0x00000000eb380000)
  to   space 1024K, 0% used [0x00000000eb400000,0x00000000eb400000,0x00000000eb500000)
 ParOldGen       total 274944K, used 230884K [0x00000000c0000000, 0x00000000d0c80000, 0x00000000eab00000)
  object space 274944K, 83% used [0x00000000c0000000,0x00000000ce1790b0,0x00000000d0c80000)
 Metaspace       used 89070K, committed 90496K, reserved 1179648K
  class space    used 9160K, committed 9792K, reserved 1048576K
}
Event: 586.614 GC heap after
{Heap after GC invocations=519 (full 18):
 PSYoungGen      total 7168K, used 1015K [0x00000000eab00000, 0x00000000eb700000, 0x0000000100000000)
  eden space 6144K, 0% used [0x00000000eab00000,0x00000000eab00000,0x00000000eb100000)
  from space 1024K, 99% used [0x00000000eb400000,0x00000000eb4fdd60,0x00000000eb500000)
  to   space 3072K, 0% used [0x00000000eb100000,0x00000000eb100000,0x00000000eb400000)
 ParOldGen       total 274944K, used 232204K [0x00000000c0000000, 0x00000000d0c80000, 0x00000000eab00000)
  object space 274944K, 84% used [0x00000000c0000000,0x00000000ce2c30b0,0x00000000d0c80000)
 Metaspace       used 89070K, committed 90496K, reserved 1179648K
  class space    used 9160K, committed 9792K, reserved 1048576K
}
Event: 586.774 GC heap before
{Heap before GC invocations=520 (full 18):
 PSYoungGen      total 7168K, used 7159K [0x00000000eab00000, 0x00000000eb700000, 0x0000000100000000)
  eden space 6144K, 100% used [0x00000000eab00000,0x00000000eb100000,0x00000000eb100000)
  from space 1024K, 99% used [0x00000000eb400000,0x00000000eb4fdd60,0x00000000eb500000)
  to   space 3072K, 0% used [0x00000000eb100000,0x00000000eb100000,0x00000000eb400000)
 ParOldGen       total 274944K, used 232204K [0x00000000c0000000, 0x00000000d0c80000, 0x00000000eab00000)
  object space 274944K, 84% used [0x00000000c0000000,0x00000000ce2c30b0,0x00000000d0c80000)
 Metaspace       used 89070K, committed 90496K, reserved 1179648K
  class space    used 9160K, committed 9792K, reserved 1048576K
}
Event: 586.783 GC heap after
{Heap after GC invocations=520 (full 18):
 PSYoungGen      total 9216K, used 2493K [0x00000000eab00000, 0x00000000eb700000, 0x0000000100000000)
  eden space 6144K, 0% used [0x00000000eab00000,0x00000000eab00000,0x00000000eb100000)
  from space 3072K, 81% used [0x00000000eb100000,0x00000000eb36f440,0x00000000eb400000)
  to   space 3072K, 0% used [0x00000000eb400000,0x00000000eb400000,0x00000000eb700000)
 ParOldGen       total 274944K, used 232760K [0x00000000c0000000, 0x00000000d0c80000, 0x00000000eab00000)
  object space 274944K, 84% used [0x00000000c0000000,0x00000000ce34e2d0,0x00000000d0c80000)
 Metaspace       used 89070K, committed 90496K, reserved 1179648K
  class space    used 9160K, committed 9792K, reserved 1048576K
}

Dll operation events (12 events):
Event: 0.017 Loaded shared library c:\Users\Faris\.vscode\extensions\redhat.java-1.36.0-win32-x64\jre\17.0.13-win32-x86_64\bin\java.dll
Event: 0.468 Loaded shared library c:\Users\Faris\.vscode\extensions\redhat.java-1.36.0-win32-x64\jre\17.0.13-win32-x86_64\bin\zip.dll
Event: 0.474 Loaded shared library C:\Users\Faris\.vscode\extensions\redhat.java-1.36.0-win32-x64\jre\17.0.13-win32-x86_64\bin\instrument.dll
Event: 0.503 Loaded shared library C:\Users\Faris\.vscode\extensions\redhat.java-1.36.0-win32-x64\jre\17.0.13-win32-x86_64\bin\net.dll
Event: 0.505 Loaded shared library C:\Users\Faris\.vscode\extensions\redhat.java-1.36.0-win32-x64\jre\17.0.13-win32-x86_64\bin\nio.dll
Event: 0.524 Loaded shared library C:\Users\Faris\.vscode\extensions\redhat.java-1.36.0-win32-x64\jre\17.0.13-win32-x86_64\bin\zip.dll
Event: 0.552 Loaded shared library C:\Users\Faris\.vscode\extensions\redhat.java-1.36.0-win32-x64\jre\17.0.13-win32-x86_64\bin\jimage.dll
Event: 0.669 Loaded shared library c:\Users\Faris\.vscode\extensions\redhat.java-1.36.0-win32-x64\jre\17.0.13-win32-x86_64\bin\verify.dll
Event: 8.612 Loaded shared library C:\Users\Faris\AppData\Roaming\Code\User\globalStorage\redhat.java\1.36.0\config_win\org.eclipse.equinox.launcher\org.eclipse.equinox.launcher.win32.win32.x86_64_1.2.1100.v20240722-2106\eclipse_11904.dll
Event: 20.867 Loaded shared library C:\Users\Faris\AppData\Local\Temp\jna-67649121\jna921743607707946632.dll
Event: 24.603 Loaded shared library C:\Users\Faris\.vscode\extensions\redhat.java-1.36.0-win32-x64\jre\17.0.13-win32-x86_64\bin\sunmscapi.dll
Event: 25.104 Loaded shared library C:\Users\Faris\.vscode\extensions\redhat.java-1.36.0-win32-x64\jre\17.0.13-win32-x86_64\bin\extnet.dll

Deoptimization events (20 events):
Event: 585.314 Thread 0x0000013eb293bf20 Uncommon trap: trap_request=0xffffffde fr.pc=0x0000013ea062e9b4 relative=0x0000000000001594
Event: 585.314 Thread 0x0000013eb293bf20 Uncommon trap: reason=class_check action=maybe_recompile pc=0x0000013ea062e9b4 method=org.eclipse.jdt.internal.compiler.parser.Scanner.jumpOverMethodBody()V @ 2429 c2
Event: 585.314 Thread 0x0000013eb293bf20 DEOPT PACKING pc=0x0000013ea062e9b4 sp=0x00000034b9bfe550
Event: 585.315 Thread 0x0000013eb293bf20 DEOPT UNPACKING pc=0x0000013e9f759ea3 sp=0x00000034b9bfe4b0 mode 2
Event: 585.349 Thread 0x0000013eb293bf20 Uncommon trap: trap_request=0xffffff3d fr.pc=0x0000013ea048961c relative=0x000000000000017c
Event: 585.349 Thread 0x0000013eb293bf20 Uncommon trap: reason=unstable_fused_if action=reinterpret pc=0x0000013ea048961c method=org.eclipse.jdt.internal.codeassist.select.SelectionParser.consumeToken(I)V @ 44 c2
Event: 585.349 Thread 0x0000013eb293bf20 DEOPT PACKING pc=0x0000013ea048961c sp=0x00000034b9bfe6b0
Event: 585.349 Thread 0x0000013eb293bf20 DEOPT UNPACKING pc=0x0000013e9f759ea3 sp=0x00000034b9bfe640 mode 2
Event: 585.402 Thread 0x0000013eb293bf20 Uncommon trap: trap_request=0xffffffc6 fr.pc=0x0000013ea017d434 relative=0x00000000000025f4
Event: 585.402 Thread 0x0000013eb293bf20 Uncommon trap: reason=bimorphic_or_optimized_type_check action=maybe_recompile pc=0x0000013ea017d434 method=org.eclipse.jdt.internal.compiler.parser.Parser.consumeToken(I)V @ 1899 c2
Event: 585.402 Thread 0x0000013eb293bf20 DEOPT PACKING pc=0x0000013ea017d434 sp=0x00000034b9bfe570
Event: 585.456 Thread 0x0000013eb293bf20 DEOPT UNPACKING pc=0x0000013e9f759ea3 sp=0x00000034b9bfe558 mode 2
Event: 585.456 Thread 0x0000013eb293bf20 Uncommon trap: trap_request=0xffffff45 fr.pc=0x0000013ea066d434 relative=0x00000000000002f4
Event: 585.456 Thread 0x0000013eb293bf20 Uncommon trap: reason=unstable_if action=reinterpret pc=0x0000013ea066d434 method=org.eclipse.jdt.internal.codeassist.impl.AssistParser.consumeToken(I)V @ 52 c2
Event: 585.456 Thread 0x0000013eb293bf20 DEOPT PACKING pc=0x0000013ea066d434 sp=0x00000034b9bfe610
Event: 585.456 Thread 0x0000013eb293bf20 DEOPT UNPACKING pc=0x0000013e9f759ea3 sp=0x00000034b9bfe5c0 mode 2
Event: 585.514 Thread 0x0000013eb293bf20 Uncommon trap: trap_request=0xffffffde fr.pc=0x0000013ea058fa18 relative=0x0000000000000798
Event: 585.514 Thread 0x0000013eb293bf20 Uncommon trap: reason=class_check action=maybe_recompile pc=0x0000013ea058fa18 method=org.eclipse.jdt.internal.compiler.parser.Scanner.getNextToken0()I @ 2838 c2
Event: 585.514 Thread 0x0000013eb293bf20 DEOPT PACKING pc=0x0000013ea058fa18 sp=0x00000034b9bfe630
Event: 585.514 Thread 0x0000013eb293bf20 DEOPT UNPACKING pc=0x0000013e9f759ea3 sp=0x00000034b9bfe570 mode 2

Classes loaded (20 events):
Event: 534.583 Loading class sun/security/ssl/PreSharedKeyExtension$PartialClientHelloMessage
Event: 534.584 Loading class sun/security/ssl/PreSharedKeyExtension$PartialClientHelloMessage done
Event: 534.584 Loading class sun/security/ssl/SSLEngineOutputRecord
Event: 534.585 Loading class sun/security/ssl/SSLEngineOutputRecord done
Event: 534.585 Loading class sun/security/ssl/SSLEngineOutputRecord$HandshakeFragment
Event: 534.585 Loading class sun/security/ssl/SSLEngineOutputRecord$HandshakeFragment done
Event: 534.585 Loading class sun/security/ssl/SSLEngineOutputRecord$HandshakeMemo
Event: 534.585 Loading class sun/security/ssl/SSLEngineOutputRecord$RecordMemo
Event: 534.585 Loading class sun/security/ssl/SSLEngineOutputRecord$RecordMemo done
Event: 534.585 Loading class sun/security/ssl/SSLEngineOutputRecord$HandshakeMemo done
Event: 534.601 Loading class sun/security/ssl/PreSharedKeyExtension$SHPreSharedKeySpec
Event: 534.601 Loading class sun/security/ssl/PreSharedKeyExtension$SHPreSharedKeySpec done
Event: 536.607 Loading class sun/net/www/protocol/http/HttpURLConnection$10
Event: 536.608 Loading class sun/net/www/protocol/http/HttpURLConnection$10 done
Event: 536.673 Loading class sun/net/www/http/KeepAliveCleanerEntry
Event: 536.674 Loading class sun/net/www/http/KeepAliveCleanerEntry done
Event: 536.675 Loading class sun/net/www/http/KeepAliveStream$1
Event: 536.675 Loading class sun/net/www/http/KeepAliveStream$1 done
Event: 536.675 Loading class sun/net/www/http/ChunkedInputStream
Event: 536.677 Loading class sun/net/www/http/ChunkedInputStream done

Classes unloaded (9 events):
Event: 23.330 Thread 0x0000013e955e6ad0 Unloading class 0x0000000100254000 'java/lang/invoke/LambdaForm$MH+0x0000000100254000'
Event: 23.330 Thread 0x0000013e955e6ad0 Unloading class 0x0000000100253c00 'java/lang/invoke/LambdaForm$MH+0x0000000100253c00'
Event: 23.330 Thread 0x0000013e955e6ad0 Unloading class 0x0000000100253800 'java/lang/invoke/LambdaForm$MH+0x0000000100253800'
Event: 23.330 Thread 0x0000013e955e6ad0 Unloading class 0x0000000100253400 'java/lang/invoke/LambdaForm$MH+0x0000000100253400'
Event: 23.330 Thread 0x0000013e955e6ad0 Unloading class 0x0000000100253000 'java/lang/invoke/LambdaForm$BMH+0x0000000100253000'
Event: 23.330 Thread 0x0000013e955e6ad0 Unloading class 0x0000000100252c00 'java/lang/invoke/LambdaForm$DMH+0x0000000100252c00'
Event: 23.330 Thread 0x0000013e955e6ad0 Unloading class 0x0000000100250400 'java/lang/invoke/LambdaForm$DMH+0x0000000100250400'
Event: 34.130 Thread 0x0000013e955e6ad0 Unloading class 0x00000001007d0800 'java/lang/invoke/LambdaForm$MH+0x00000001007d0800'
Event: 34.131 Thread 0x0000013e955e6ad0 Unloading class 0x00000001007d0400 'java/lang/invoke/LambdaForm$DMH+0x00000001007d0400'

Classes redefined (0 events):
No events

Internal exceptions (20 events):
Event: 473.547 Thread 0x0000013eb293bf20 Exception <a 'java/lang/ArrayIndexOutOfBoundsException'{0x00000000eb611040}> (0x00000000eb611040) 
thrown [s\src\hotspot\share\runtime\sharedRuntime.cpp, line 631]
Event: 473.547 Thread 0x0000013eb293bf20 Exception <a 'java/lang/ArrayIndexOutOfBoundsException'{0x00000000eb6113b0}> (0x00000000eb6113b0) 
thrown [s\src\hotspot\share\runtime\sharedRuntime.cpp, line 631]
Event: 473.624 Thread 0x0000013eb293bf20 Exception <a 'java/lang/ArrayIndexOutOfBoundsException'{0x00000000eab934b0}> (0x00000000eab934b0) 
thrown [s\src\hotspot\share\runtime\sharedRuntime.cpp, line 631]
Event: 473.624 Thread 0x0000013eb293bf20 Exception <a 'java/lang/ArrayIndexOutOfBoundsException'{0x00000000eab93ac8}> (0x00000000eab93ac8) 
thrown [s\src\hotspot\share\runtime\sharedRuntime.cpp, line 631]
Event: 473.624 Thread 0x0000013eb293bf20 Exception <a 'java/lang/ArrayIndexOutOfBoundsException'{0x00000000eab93e38}> (0x00000000eab93e38) 
thrown [s\src\hotspot\share\runtime\sharedRuntime.cpp, line 631]
Event: 474.117 Thread 0x0000013eb293bf20 Exception <a 'java/lang/ArrayIndexOutOfBoundsException'{0x00000000eb1c8b58}> (0x00000000eb1c8b58) 
thrown [s\src\hotspot\share\runtime\sharedRuntime.cpp, line 631]
Event: 474.117 Thread 0x0000013eb293bf20 Exception <a 'java/lang/ArrayIndexOutOfBoundsException'{0x00000000eb1c9170}> (0x00000000eb1c9170) 
thrown [s\src\hotspot\share\runtime\sharedRuntime.cpp, line 631]
Event: 474.117 Thread 0x0000013eb293bf20 Exception <a 'java/lang/ArrayIndexOutOfBoundsException'{0x00000000eb1c94e0}> (0x00000000eb1c94e0) 
thrown [s\src\hotspot\share\runtime\sharedRuntime.cpp, line 631]
Event: 478.750 Thread 0x0000013eaeaa6a90 Exception <a 'sun/nio/fs/WindowsException'{0x00000000eb062740}> (0x00000000eb062740) 
thrown [s\src\hotspot\share\prims\jni.cpp, line 516]
Event: 478.882 Thread 0x0000013eb293bf20 Implicit null exception at 0x0000013ea00785b0 to 0x0000013ea007c6d8
Event: 479.210 Thread 0x0000013eaeaa6a90 Exception <a 'sun/nio/fs/WindowsException'{0x00000000ead49978}> (0x00000000ead49978) 
thrown [s\src\hotspot\share\prims\jni.cpp, line 516]
Event: 492.701 Thread 0x0000013eaeaa6a90 Exception <a 'sun/nio/fs/WindowsException'{0x00000000ead723c8}> (0x00000000ead723c8) 
thrown [s\src\hotspot\share\prims\jni.cpp, line 516]
Event: 493.331 Thread 0x0000013eaeaa6a90 Exception <a 'sun/nio/fs/WindowsException'{0x00000000eab55440}> (0x00000000eab55440) 
thrown [s\src\hotspot\share\prims\jni.cpp, line 516]
Event: 517.298 Thread 0x0000013eaeaa6a90 Exception <a 'sun/nio/fs/WindowsException'{0x00000000eafa6b38}> (0x00000000eafa6b38) 
thrown [s\src\hotspot\share\prims\jni.cpp, line 516]
Event: 517.590 Thread 0x0000013eaeaa6a90 Exception <a 'sun/nio/fs/WindowsException'{0x00000000eaba7260}> (0x00000000eaba7260) 
thrown [s\src\hotspot\share\prims\jni.cpp, line 516]
Event: 523.253 Thread 0x0000013eb293bf20 Implicit null exception at 0x0000013ea07f62d6 to 0x0000013ea07f6b80
Event: 523.253 Thread 0x0000013eb293bf20 Implicit null exception at 0x0000013ea0574d16 to 0x0000013ea0575410
Event: 523.253 Thread 0x0000013eb293bf20 Implicit null exception at 0x0000013ea04fc8ec to 0x0000013ea04fca63
Event: 584.565 Thread 0x0000013eb293bf20 Exception <a 'java/lang/NoSuchMethodError'{0x00000000eafc3f48}: 'java.lang.Object java.lang.invoke.DirectMethodHandle$Holder.invokeStatic(java.lang.Object, int, java.lang.Object, java.lang.Object, java.lang.Object, java.lang.Object)'> (0x00000000eafc3f48) 
thrown [s\src\hotspot\share\interpreter\linkResolver.cpp, line 759]
Event: 584.588 Thread 0x0000013eb293bf20 Exception <a 'java/lang/NoSuchMethodError'{0x00000000eb088890}: 'java.lang.Object java.lang.invoke.DirectMethodHandle$Holder.newInvokeSpecial(java.lang.Object, int, java.lang.Object, java.lang.Object, java.lang.Object)'> (0x00000000eb088890) 
thrown [s\src\hotspot\share\interpreter\linkResolver.cpp, line 759]

VM Operations (20 events):
Event: 544.833 Executing VM operation: ParallelGCFailedAllocation
Event: 544.835 Executing VM operation: ParallelGCFailedAllocation done
Event: 545.529 Executing VM operation: ParallelGCFailedAllocation
Event: 545.531 Executing VM operation: ParallelGCFailedAllocation done
Event: 546.540 Executing VM operation: Cleanup
Event: 546.540 Executing VM operation: Cleanup done
Event: 577.819 Executing VM operation: Cleanup
Event: 577.819 Executing VM operation: Cleanup done
Event: 584.031 Executing VM operation: ParallelGCFailedAllocation
Event: 584.062 Executing VM operation: ParallelGCFailedAllocation done
Event: 584.643 Executing VM operation: ParallelGCFailedAllocation
Event: 584.648 Executing VM operation: ParallelGCFailedAllocation done
Event: 584.698 Executing VM operation: ParallelGCFailedAllocation
Event: 584.703 Executing VM operation: ParallelGCFailedAllocation done
Event: 585.715 Executing VM operation: Cleanup
Event: 585.747 Executing VM operation: Cleanup done
Event: 586.353 Executing VM operation: ParallelGCFailedAllocation
Event: 586.614 Executing VM operation: ParallelGCFailedAllocation done
Event: 586.774 Executing VM operation: ParallelGCFailedAllocation
Event: 586.783 Executing VM operation: ParallelGCFailedAllocation done

Memory protections (0 events):
No events

Nmethod flushes (20 events):
Event: 529.625 Thread 0x0000013eae5980d0 flushing  nmethod 0x0000013e9918a410
Event: 529.625 Thread 0x0000013eae5980d0 flushing  nmethod 0x0000013e99261710
Event: 529.627 Thread 0x0000013eae5980d0 flushing  nmethod 0x0000013e993f3490
Event: 529.627 Thread 0x0000013eae5980d0 flushing  nmethod 0x0000013e99438690
Event: 529.627 Thread 0x0000013eae5980d0 flushing  nmethod 0x0000013e99447a10
Event: 529.627 Thread 0x0000013eae5980d0 flushing  nmethod 0x0000013e99491390
Event: 529.628 Thread 0x0000013eae5980d0 flushing  nmethod 0x0000013e99559c90
Event: 529.628 Thread 0x0000013eae5980d0 flushing  nmethod 0x0000013e99579390
Event: 529.628 Thread 0x0000013eae5980d0 flushing  nmethod 0x0000013e9957a610
Event: 529.628 Thread 0x0000013eae5980d0 flushing  nmethod 0x0000013e9957b690
Event: 529.628 Thread 0x0000013eae5980d0 flushing  nmethod 0x0000013e99589490
Event: 529.628 Thread 0x0000013eae5980d0 flushing  nmethod 0x0000013e995b4790
Event: 529.628 Thread 0x0000013eae5980d0 flushing  nmethod 0x0000013e9967ee90
Event: 529.629 Thread 0x0000013eae5980d0 flushing  nmethod 0x0000013e996f4590
Event: 529.629 Thread 0x0000013eae5980d0 flushing  nmethod 0x0000013e9985ff90
Event: 529.630 Thread 0x0000013eae5980d0 flushing  nmethod 0x0000013e999c8890
Event: 529.631 Thread 0x0000013eae5980d0 flushing  nmethod 0x0000013e99a58e90
Event: 529.633 Thread 0x0000013eae5980d0 flushing  nmethod 0x0000013e99dd2910
Event: 529.633 Thread 0x0000013eae5980d0 flushing  nmethod 0x0000013e99dd4f10
Event: 529.634 Thread 0x0000013eae5980d0 flushing  nmethod 0x0000013e99e63910

Events (20 events):
Event: 529.520 Thread 0x0000013eb293bf20 Thread added: 0x0000013eb1d71eb0
Event: 534.548 Thread 0x0000013eb1d71eb0 Thread exited: 0x0000013eb1d71eb0
Event: 534.606 Thread 0x0000013eb293d870 Thread added: 0x0000013eb1d75b70
Event: 534.616 Thread 0x0000013eb1d75b70 Thread exited: 0x0000013eb1d75b70
Event: 534.768 Thread 0x0000013ea93ad290 Thread added: 0x0000013eb635a9f0
Event: 535.404 Thread 0x0000013eb635a9f0 Thread exited: 0x0000013eb635a9f0
Event: 535.483 Thread 0x0000013eb293bf20 Thread added: 0x0000013eb1d71eb0
Event: 535.493 Thread 0x0000013eb1d71eb0 Thread exited: 0x0000013eb1d71eb0
Event: 536.646 Thread 0x0000013eb293d870 Thread added: 0x0000013eb1d75b70
Event: 536.646 Thread 0x0000013eb1d75b70 Thread exited: 0x0000013eb1d75b70
Event: 536.675 Thread 0x0000013eb293d870 Thread added: 0x0000013eb1d75b70
Event: 536.695 Thread 0x0000013eb1d75b70 Thread added: 0x0000013eb1d71eb0
Event: 541.725 Thread 0x0000013eb1d71eb0 Thread exited: 0x0000013eb1d71eb0
Event: 542.205 Thread 0x0000013eb1d75b70 Thread exited: 0x0000013eb1d75b70
Event: 545.907 Thread 0x0000013eb293bf20 Thread added: 0x0000013eb1d75b70
Event: 545.907 Thread 0x0000013eb1d75b70 Thread exited: 0x0000013eb1d75b70
Event: 577.794 Thread 0x0000013eb1d732f0 Thread exited: 0x0000013eb1d732f0
Event: 578.502 Thread 0x0000013eb293d360 Thread exited: 0x0000013eb293d360
Event: 578.504 Thread 0x0000013eb1d76aa0 Thread exited: 0x0000013eb1d76aa0
Event: 585.968 Thread 0x0000013e955ee700 Thread added: 0x0000013eb6360440


Dynamic libraries:
0x00007ff659bb0000 - 0x00007ff659bbe000 	c:\Users\Faris\.vscode\extensions\redhat.java-1.36.0-win32-x64\jre\17.0.13-win32-x86_64\bin\java.exe
0x00007ff9c75f0000 - 0x00007ff9c7807000 	C:\WINDOWS\SYSTEM32\ntdll.dll
0x00007ff9c5fc0000 - 0x00007ff9c6084000 	C:\WINDOWS\System32\KERNEL32.DLL
0x00007ff9c4cb0000 - 0x00007ff9c5069000 	C:\WINDOWS\System32\KERNELBASE.dll
0x00007ff9c4b90000 - 0x00007ff9c4ca1000 	C:\WINDOWS\System32\ucrtbase.dll
0x00007ff9b0570000 - 0x00007ff9b0587000 	c:\Users\Faris\.vscode\extensions\redhat.java-1.36.0-win32-x64\jre\17.0.13-win32-x86_64\bin\jli.dll
0x00007ff9c5670000 - 0x00007ff9c581e000 	C:\WINDOWS\System32\USER32.dll
0x00007ff9c4b30000 - 0x00007ff9c4b56000 	C:\WINDOWS\System32\win32u.dll
0x00007ff9c7270000 - 0x00007ff9c7299000 	C:\WINDOWS\System32\GDI32.dll
0x00007ff9c4970000 - 0x00007ff9c4a8b000 	C:\WINDOWS\System32\gdi32full.dll
0x00007ff9c4a90000 - 0x00007ff9c4b2a000 	C:\WINDOWS\System32\msvcp_win.dll
0x00007ff9aa080000 - 0x00007ff9aa09e000 	c:\Users\Faris\.vscode\extensions\redhat.java-1.36.0-win32-x64\jre\17.0.13-win32-x86_64\bin\VCRUNTIME140.dll
0x00007ff9acee0000 - 0x00007ff9ad172000 	C:\WINDOWS\WinSxS\amd64_microsoft.windows.common-controls_6595b64144ccf1df_6.0.22621.4391_none_2715d37f73803e96\COMCTL32.dll
0x00007ff9c6bc0000 - 0x00007ff9c6c67000 	C:\WINDOWS\System32\msvcrt.dll
0x00007ff9c7570000 - 0x00007ff9c75a1000 	C:\WINDOWS\System32\IMM32.DLL
0x00007ff9b1900000 - 0x00007ff9b190c000 	c:\Users\Faris\.vscode\extensions\redhat.java-1.36.0-win32-x64\jre\17.0.13-win32-x86_64\bin\vcruntime140_1.dll
0x00007ff986d50000 - 0x00007ff986ddd000 	c:\Users\Faris\.vscode\extensions\redhat.java-1.36.0-win32-x64\jre\17.0.13-win32-x86_64\bin\msvcp140.dll
0x00007ff9348c0000 - 0x00007ff93552b000 	c:\Users\Faris\.vscode\extensions\redhat.java-1.36.0-win32-x64\jre\17.0.13-win32-x86_64\bin\server\jvm.dll
0x00007ff9c55b0000 - 0x00007ff9c5662000 	C:\WINDOWS\System32\ADVAPI32.dll
0x00007ff9c5e90000 - 0x00007ff9c5f37000 	C:\WINDOWS\System32\sechost.dll
0x00007ff9c4b60000 - 0x00007ff9c4b88000 	C:\WINDOWS\System32\bcrypt.dll
0x00007ff9c6aa0000 - 0x00007ff9c6bb4000 	C:\WINDOWS\System32\RPCRT4.dll
0x00007ff9c6d50000 - 0x00007ff9c6dc1000 	C:\WINDOWS\System32\WS2_32.dll
0x00007ff9c47c0000 - 0x00007ff9c480d000 	C:\WINDOWS\SYSTEM32\POWRPROF.dll
0x00007ff9be6d0000 - 0x00007ff9be704000 	C:\WINDOWS\SYSTEM32\WINMM.dll
0x00007ff9bc720000 - 0x00007ff9bc72a000 	C:\WINDOWS\SYSTEM32\VERSION.dll
0x00007ff9c47a0000 - 0x00007ff9c47b3000 	C:\WINDOWS\SYSTEM32\UMPDC.dll
0x00007ff9c38f0000 - 0x00007ff9c3908000 	C:\WINDOWS\SYSTEM32\kernel.appcore.dll
0x00007ff9b1050000 - 0x00007ff9b105a000 	c:\Users\Faris\.vscode\extensions\redhat.java-1.36.0-win32-x64\jre\17.0.13-win32-x86_64\bin\jimage.dll
0x00007ff9c2090000 - 0x00007ff9c22c2000 	C:\WINDOWS\SYSTEM32\DBGHELP.DLL
0x00007ff9c6de0000 - 0x00007ff9c716f000 	C:\WINDOWS\System32\combase.dll
0x00007ff9c54c0000 - 0x00007ff9c5597000 	C:\WINDOWS\System32\OLEAUT32.dll
0x00007ff9a8830000 - 0x00007ff9a8862000 	C:\WINDOWS\SYSTEM32\dbgcore.DLL
0x00007ff9c48f0000 - 0x00007ff9c496b000 	C:\WINDOWS\System32\bcryptPrimitives.dll
0x00007ff9b0ef0000 - 0x00007ff9b0efe000 	c:\Users\Faris\.vscode\extensions\redhat.java-1.36.0-win32-x64\jre\17.0.13-win32-x86_64\bin\instrument.dll
0x00007ff995b70000 - 0x00007ff995b95000 	c:\Users\Faris\.vscode\extensions\redhat.java-1.36.0-win32-x64\jre\17.0.13-win32-x86_64\bin\java.dll
0x00007ff9aa020000 - 0x00007ff9aa038000 	c:\Users\Faris\.vscode\extensions\redhat.java-1.36.0-win32-x64\jre\17.0.13-win32-x86_64\bin\zip.dll
0x00007ff9c6090000 - 0x00007ff9c6906000 	C:\WINDOWS\System32\SHELL32.dll
0x00007ff9c27e0000 - 0x00007ff9c30e3000 	C:\WINDOWS\SYSTEM32\windows.storage.dll
0x00007ff9c26a0000 - 0x00007ff9c27df000 	C:\WINDOWS\SYSTEM32\wintypes.dll
0x00007ff9c7170000 - 0x00007ff9c7269000 	C:\WINDOWS\System32\SHCORE.dll
0x00007ff9c7460000 - 0x00007ff9c74be000 	C:\WINDOWS\System32\shlwapi.dll
0x00007ff9c4820000 - 0x00007ff9c484b000 	C:\WINDOWS\SYSTEM32\profapi.dll
0x00007ff9a0fc0000 - 0x00007ff9a0fd9000 	C:\Users\Faris\.vscode\extensions\redhat.java-1.36.0-win32-x64\jre\17.0.13-win32-x86_64\bin\net.dll
0x00007ff9be100000 - 0x00007ff9be236000 	C:\WINDOWS\SYSTEM32\WINHTTP.dll
0x00007ff9c3d60000 - 0x00007ff9c3dc9000 	C:\WINDOWS\system32\mswsock.dll
0x00007ff996200000 - 0x00007ff996216000 	C:\Users\Faris\.vscode\extensions\redhat.java-1.36.0-win32-x64\jre\17.0.13-win32-x86_64\bin\nio.dll
0x00007ff9b0950000 - 0x00007ff9b0960000 	c:\Users\Faris\.vscode\extensions\redhat.java-1.36.0-win32-x64\jre\17.0.13-win32-x86_64\bin\verify.dll
0x00007ff98c6c0000 - 0x00007ff98c705000 	C:\Users\Faris\AppData\Roaming\Code\User\globalStorage\redhat.java\1.36.0\config_win\org.eclipse.equinox.launcher\org.eclipse.equinox.launcher.win32.win32.x86_64_1.2.1100.v20240722-2106\eclipse_11904.dll
0x00007ff9c5310000 - 0x00007ff9c54b5000 	C:\WINDOWS\System32\ole32.dll
0x00007ff9c40b0000 - 0x00007ff9c40cb000 	C:\WINDOWS\SYSTEM32\CRYPTSP.dll
0x00007ff9c3850000 - 0x00007ff9c3885000 	C:\WINDOWS\system32\rsaenh.dll
0x00007ff9c3e00000 - 0x00007ff9c3e28000 	C:\WINDOWS\SYSTEM32\USERENV.dll
0x00007ff9c4090000 - 0x00007ff9c409c000 	C:\WINDOWS\SYSTEM32\CRYPTBASE.dll
0x00007ff9c3350000 - 0x00007ff9c337d000 	C:\WINDOWS\SYSTEM32\IPHLPAPI.DLL
0x00007ff9c6c70000 - 0x00007ff9c6c79000 	C:\WINDOWS\System32\NSI.dll
0x00007ff9bde50000 - 0x00007ff9bde69000 	C:\WINDOWS\SYSTEM32\dhcpcsvc6.DLL
0x00007ff9bde30000 - 0x00007ff9bde4f000 	C:\WINDOWS\SYSTEM32\dhcpcsvc.DLL
0x00007ff9c33c0000 - 0x00007ff9c34c2000 	C:\WINDOWS\SYSTEM32\DNSAPI.dll
0x00007ff98d8d0000 - 0x00007ff98d919000 	C:\Users\Faris\AppData\Local\Temp\jna-67649121\jna921743607707946632.dll
0x00007ff9c6970000 - 0x00007ff9c6978000 	C:\WINDOWS\System32\PSAPI.DLL
0x00007ff9b0dc0000 - 0x00007ff9b0dce000 	C:\Users\Faris\.vscode\extensions\redhat.java-1.36.0-win32-x64\jre\17.0.13-win32-x86_64\bin\sunmscapi.dll
0x00007ff9c5130000 - 0x00007ff9c5296000 	C:\WINDOWS\System32\CRYPT32.dll
0x00007ff9c41c0000 - 0x00007ff9c41ed000 	C:\WINDOWS\SYSTEM32\ncrypt.dll
0x00007ff9c4180000 - 0x00007ff9c41b7000 	C:\WINDOWS\SYSTEM32\NTASN1.dll
0x0000000053f20000 - 0x0000000053f46000 	C:\Program Files\Bonjour\mdnsNSP.dll
0x00007ff9bc7c0000 - 0x00007ff9bc7ca000 	C:\Windows\System32\rasadhlp.dll
0x00007ff9bc820000 - 0x00007ff9bc8a3000 	C:\WINDOWS\System32\fwpuclnt.dll
0x00007ff9b0cf0000 - 0x00007ff9b0cf9000 	C:\Users\Faris\.vscode\extensions\redhat.java-1.36.0-win32-x64\jre\17.0.13-win32-x86_64\bin\extnet.dll

dbghelp: loaded successfully - version: 4.0.5 - missing functions: none
symbol engine: initialized successfully - sym options: 0x614 - pdb path: .;c:\Users\Faris\.vscode\extensions\redhat.java-1.36.0-win32-x64\jre\17.0.13-win32-x86_64\bin;C:\WINDOWS\SYSTEM32;C:\WINDOWS\WinSxS\amd64_microsoft.windows.common-controls_6595b64144ccf1df_6.0.22621.4391_none_2715d37f73803e96;c:\Users\Faris\.vscode\extensions\redhat.java-1.36.0-win32-x64\jre\17.0.13-win32-x86_64\bin\server;C:\Users\Faris\AppData\Roaming\Code\User\globalStorage\redhat.java\1.36.0\config_win\org.eclipse.equinox.launcher\org.eclipse.equinox.launcher.win32.win32.x86_64_1.2.1100.v20240722-2106;C:\Users\Faris\AppData\Local\Temp\jna-67649121;C:\Program Files\Bonjour

VM Arguments:
jvm_args: --add-modules=ALL-SYSTEM --add-opens=java.base/java.util=ALL-UNNAMED --add-opens=java.base/java.lang=ALL-UNNAMED --add-opens=java.base/sun.nio.fs=ALL-UNNAMED -Declipse.application=org.eclipse.jdt.ls.core.id1 -Dosgi.bundles.defaultStartLevel=4 -Declipse.product=org.eclipse.jdt.ls.core.product -Djava.import.generatesMetadataFilesAtProjectRoot=false -DDetectVMInstallationsJob.disabled=true -Dfile.encoding=utf8 -XX:+UseParallelGC -XX:GCTimeRatio=4 -XX:AdaptiveSizePolicyWeight=90 -Dsun.zip.disableMemoryMapping=true -Xmx1G -Xms100m -Xlog:disable -javaagent:c:\Users\Faris\.vscode\extensions\redhat.java-1.36.0-win32-x64\lombok\lombok-1.18.35.jar -XX:+HeapDumpOnOutOfMemoryError -XX:HeapDumpPath=c:\Users\Faris\AppData\Roaming\Code\User\workspaceStorage\3669c1608ef556df425145a2674ca6fe\redhat.java -Daether.dependencyCollector.impl=bf 
java_command: c:\Users\Faris\.vscode\extensions\redhat.java-1.36.0-win32-x64\server\plugins\org.eclipse.equinox.launcher_1.6.900.v20240613-2009.jar -configuration c:\Users\Faris\AppData\Roaming\Code\User\globalStorage\redhat.java\1.36.0\config_win -data c:\Users\Faris\AppData\Roaming\Code\User\workspaceStorage\3669c1608ef556df425145a2674ca6fe\redhat.java\jdt_ws --pipe=\\.\pipe\lsp-f1768726d80b9166f74f98326ef74e9d-sock
java_class_path (initial): c:\Users\Faris\.vscode\extensions\redhat.java-1.36.0-win32-x64\server\plugins\org.eclipse.equinox.launcher_1.6.900.v20240613-2009.jar
Launcher Type: SUN_STANDARD

[Global flags]
    uintx AdaptiveSizePolicyWeight                 = 90                                        {product} {command line}
     intx CICompilerCount                          = 3                                         {product} {ergonomic}
    uintx GCTimeRatio                              = 4                                         {product} {command line}
     bool HeapDumpOnOutOfMemoryError               = true                                   {manageable} {command line}
    ccstr HeapDumpPath                             = c:\Users\Faris\AppData\Roaming\Code\User\workspaceStorage\3669c1608ef556df425145a2674ca6fe\redhat.java         {manageable} {command line}
   size_t InitialHeapSize                          = 104857600                                 {product} {command line}
   size_t MaxHeapSize                              = 1073741824                                {product} {command line}
   size_t MaxNewSize                               = 357564416                                 {product} {ergonomic}
   size_t MinHeapDeltaBytes                        = 524288                                    {product} {ergonomic}
   size_t MinHeapSize                              = 104857600                                 {product} {command line}
   size_t NewSize                                  = 34603008                                  {product} {ergonomic}
    uintx NonNMethodCodeHeapSize                   = 5832780                                {pd product} {ergonomic}
    uintx NonProfiledCodeHeapSize                  = 122912730                              {pd product} {ergonomic}
   size_t OldSize                                  = 70254592                                  {product} {ergonomic}
    uintx ProfiledCodeHeapSize                     = 122912730                              {pd product} {ergonomic}
    uintx ReservedCodeCacheSize                    = 251658240                              {pd product} {ergonomic}
     bool SegmentedCodeCache                       = true                                      {product} {ergonomic}
   size_t SoftMaxHeapSize                          = 1073741824                             {manageable} {ergonomic}
     bool UseCompressedClassPointers               = true                           {product lp64_product} {ergonomic}
     bool UseCompressedOops                        = true                           {product lp64_product} {ergonomic}
     bool UseLargePagesIndividualAllocation        = false                                  {pd product} {ergonomic}
     bool UseParallelGC                            = true                                      {product} {command line}

Logging:
Log output configuration:
 #0: stdout all=off uptime,level,tags
 #1: stderr all=off uptime,level,tags

Environment Variables:
PATH=C:\Program Files\Common Files\Oracle\Java\javapath;C:\WINDOWS\system32;C:\WINDOWS;C:\WINDOWS\System32\Wbem;C:\WINDOWS\System32\WindowsPowerShell\v1.0\;C:\WINDOWS\System32\OpenSSH\;C:\Program Files\Git\cmd;C:\Program Files\Microsoft VS Code\bin;C:\Program Files\Docker\Docker\resources\bin;C:\Users\Faris\AppData\Local\Microsoft\WindowsApps;
USERNAME=Faris
OS=Windows_NT
PROCESSOR_IDENTIFIER=Intel64 Family 6 Model 140 Stepping 1, GenuineIntel
TMP=C:\Users\Faris\AppData\Local\Temp
TEMP=C:\Users\Faris\AppData\Local\Temp



Periodic native trim disabled


---------------  S Y S T E M  ---------------

OS:
 Windows 11 , 64 bit Build 22621 (10.0.22621.4391)
OS uptime: 3 days 23:09 hours
Hyper-V role detected

CPU: total 4 (initial active 4) (2 cores per cpu, 2 threads per core) family 6 model 140 stepping 1 microcode 0x66, cx8, cmov, fxsr, ht, mmx, 3dnowpref, sse, sse2, sse3, ssse3, sse4.1, sse4.2, popcnt, lzcnt, tsc, tscinvbit, avx, avx2, aes, erms, clmul, bmi1, bmi2, adx, avx512f, avx512dq, avx512cd, avx512bw, avx512vl, sha, fma, vzeroupper, avx512_vpopcntdq, avx512_vpclmulqdq, avx512_vaes, avx512_vnni, clflush, clflushopt, clwb, avx512_vbmi2, avx512_vbmi, hv
Processor Information for all 4 processors :
  Max Mhz: 2995, Current Mhz: 2995, Mhz Limit: 2995

Memory: 4k page, system-wide physical 7991M (483M free)
TotalPageFile size 23085M (AvailPageFile size 18M)
current process WorkingSet (physical memory assigned to process): 154M, peak: 606M
current process commit charge ("private bytes"): 556M, peak: 702M

vm_info: OpenJDK 64-Bit Server VM (17.0.13+11) for windows-amd64 JRE (17.0.13+11), built on Oct 16 2024 00:10:08 by "admin" with MS VC++ 17.7 (VS2022)

END.
